<?xml version="1.0" encoding="UTF-8"?>
<!-- Generated by org.testng.reporters.JUnitXMLReporter -->
<testsuite hostname="sharmilas-mbp.lan" ignored="0" name="Default test" tests="10" failures="0" timestamp="2021-01-30T21:50:35 EST" time="28.316" errors="0">
  <testcase name="launchBrowserValidateTitleForRateCheck" time="5.762" classname="com.upgradeinc.ui.CredifyAccountCreationTest"/>
  <testcase name="checkYourRate" time="1.881" classname="com.upgradeinc.ui.CredifyAccountCreationTest"/>
  <testcase name="basicInfoPage" time="1.105" classname="com.upgradeinc.ui.CredifyAccountCreationTest"/>
  <testcase name="annualIncomeInfoPage" time="0.216" classname="com.upgradeinc.ui.CredifyAccountCreationTest"/>
  <testcase name="createAccountPage" time="0.606" classname="com.upgradeinc.ui.CredifyAccountCreationTest"/>
  <testcase name="offersPage" time="11.349" classname="com.upgradeinc.ui.CredifyAccountCreationTest"/>
  <testcase name="launchBrowserValidateTitleForLoginPortal" time="0.974" classname="com.upgradeinc.ui.CredifyAccountCreationTest"/>
  <testcase name="upgradePortalLoginPage" time="0.649" classname="com.upgradeinc.ui.CredifyAccountCreationTest"/>
  <testcase name="offersPageValidation" time="5.12" classname="com.upgradeinc.ui.CredifyAccountCreationTest"/>
  <testcase name="closeBrowser" time="0.594" classname="com.upgradeinc.ui.CredifyAccountCreationTest"/>
</testsuite> <!-- Default test -->
