<?xml version="1.0" encoding="UTF-8"?>
<!-- Generated by org.testng.reporters.JUnitXMLReporter -->
<testsuite hostname="sharmilas-mbp.lan" ignored="0" name="Default test" tests="10" failures="0" timestamp="2021-01-25T13:28:47 EST" time="23.751" errors="0">
  <testcase name="launchBrowserValidateTitleForRateCheck" time="4.525" classname="com.upgradeinc.ui.CredifyAccountCreationTest"/>
  <testcase name="checkYourRate" time="0.84" classname="com.upgradeinc.ui.CredifyAccountCreationTest"/>
  <testcase name="basicInfoPage" time="1.038" classname="com.upgradeinc.ui.CredifyAccountCreationTest"/>
  <testcase name="annualIncomeInfoPage" time="0.214" classname="com.upgradeinc.ui.CredifyAccountCreationTest"/>
  <testcase name="createAccountPage" time="0.53" classname="com.upgradeinc.ui.CredifyAccountCreationTest"/>
  <testcase name="offersPage" time="8.633" classname="com.upgradeinc.ui.CredifyAccountCreationTest"/>
  <testcase name="launchBrowserValidateTitleForLoginPortal" time="1.158" classname="com.upgradeinc.ui.CredifyAccountCreationTest"/>
  <testcase name="upgradePortalLoginPage" time="0.604" classname="com.upgradeinc.ui.CredifyAccountCreationTest"/>
  <testcase name="offersPageValidation" time="5.678" classname="com.upgradeinc.ui.CredifyAccountCreationTest"/>
  <testcase name="closeBrowser" time="0.497" classname="com.upgradeinc.ui.CredifyAccountCreationTest"/>
</testsuite> <!-- Default test -->
