<?xml version="1.0" encoding="UTF-8"?>
<!-- Generated by org.testng.reporters.JUnitXMLReporter -->
<testsuite hostname="sharmilas-mbp.lan" ignored="0" name="Command line test" tests="13" failures="0" timestamp="2021-01-30T21:52:34 EST" time="29.612" errors="0">
  <testcase name="launchBrowserValidateTitleForRateCheck" time="4.807" classname="com.upgradeinc.ui.CredifyAccountCreationTest"/>
  <testcase name="checkYourRate" time="1.844" classname="com.upgradeinc.ui.CredifyAccountCreationTest"/>
  <testcase name="basicInfoPage" time="1.119" classname="com.upgradeinc.ui.CredifyAccountCreationTest"/>
  <testcase name="annualIncomeInfoPage" time="0.21" classname="com.upgradeinc.ui.CredifyAccountCreationTest"/>
  <testcase name="createAccountPage" time="0.578" classname="com.upgradeinc.ui.CredifyAccountCreationTest"/>
  <testcase name="offersPage" time="9.823" classname="com.upgradeinc.ui.CredifyAccountCreationTest"/>
  <testcase name="launchBrowserValidateTitleForLoginPortal" time="1.155" classname="com.upgradeinc.ui.CredifyAccountCreationTest"/>
  <testcase name="upgradePortalLoginPage" time="0.44" classname="com.upgradeinc.ui.CredifyAccountCreationTest"/>
  <testcase name="offersPageValidation" time="5.602" classname="com.upgradeinc.ui.CredifyAccountCreationTest"/>
  <testcase name="closeBrowser" time="0.502" classname="com.upgradeinc.ui.CredifyAccountCreationTest"/>
  <testcase name="apiCallWithInvalidCred_returnsStatus401" time="1.216" classname="com.upgradeinc.restapi.CredApiTest"/>
  <testcase name="apiCallWithValidCred_returnsStatus200" time="0.917" classname="com.upgradeinc.restapi.CredApiTest"/>
  <testcase name="apiCallWithValidCreds_checkProductType" time="0.853" classname="com.upgradeinc.restapi.CredApiTest"/>
</testsuite> <!-- Command line test -->
