<?xml version="1.0" encoding="UTF-8"?>
<!-- Generated by org.testng.reporters.JUnitXMLReporter -->
<testsuite hostname="sharmilas-mbp.lan" ignored="0" name="Command line test" tests="13" failures="0" timestamp="2021-01-25T13:29:25 EST" time="26.413" errors="0">
  <testcase name="launchBrowserValidateTitleForRateCheck" time="3.13" classname="com.upgradeinc.ui.CredifyAccountCreationTest"/>
  <testcase name="checkYourRate" time="0.83" classname="com.upgradeinc.ui.CredifyAccountCreationTest"/>
  <testcase name="basicInfoPage" time="1.043" classname="com.upgradeinc.ui.CredifyAccountCreationTest"/>
  <testcase name="annualIncomeInfoPage" time="0.202" classname="com.upgradeinc.ui.CredifyAccountCreationTest"/>
  <testcase name="createAccountPage" time="0.51" classname="com.upgradeinc.ui.CredifyAccountCreationTest"/>
  <testcase name="offersPage" time="9.203" classname="com.upgradeinc.ui.CredifyAccountCreationTest"/>
  <testcase name="launchBrowserValidateTitleForLoginPortal" time="0.803" classname="com.upgradeinc.ui.CredifyAccountCreationTest"/>
  <testcase name="upgradePortalLoginPage" time="0.902" classname="com.upgradeinc.ui.CredifyAccountCreationTest"/>
  <testcase name="offersPageValidation" time="5.604" classname="com.upgradeinc.ui.CredifyAccountCreationTest"/>
  <testcase name="closeBrowser" time="0.481" classname="com.upgradeinc.ui.CredifyAccountCreationTest"/>
  <testcase name="apiCallWithInvalidCred_returnsStatus401" time="1.246" classname="com.upgradeinc.restapi.CredApiTest"/>
  <testcase name="apiCallWithValidCred_returnsStatus200" time="1.0" classname="com.upgradeinc.restapi.CredApiTest"/>
  <testcase name="apiCallWithValidCreds_checkProductType" time="0.983" classname="com.upgradeinc.restapi.CredApiTest"/>
</testsuite> <!-- Command line test -->
