<?xml version="1.0" encoding="UTF-8" ?>
<testsuite tests="13" failures="0" name="TestSuite" time="25.941" errors="0" skipped="0">
  <properties>
[...]
</properties>
  <testcase classname="com.upgradeinc.ui.CredifyAccountCreationTest" name="launchBrowserValidateTitleForRateCheck" time="3.131"/>
  <testcase classname="com.upgradeinc.ui.CredifyAccountCreationTest" name="checkYourRate" time="0.83"/>
  <testcase classname="com.upgradeinc.ui.CredifyAccountCreationTest" name="basicInfoPage" time="1.043"/>
  <testcase classname="com.upgradeinc.ui.CredifyAccountCreationTest" name="annualIncomeInfoPage" time="0.202"/>
  <testcase classname="com.upgradeinc.ui.CredifyAccountCreationTest" name="createAccountPage" time="0.511"/>
  <testcase classname="com.upgradeinc.ui.CredifyAccountCreationTest" name="offersPage" time="9.203"/>
  <testcase classname="com.upgradeinc.ui.CredifyAccountCreationTest" name="launchBrowserValidateTitleForLoginPortal" time="0.803"/>
  <testcase classname="com.upgradeinc.ui.CredifyAccountCreationTest" name="upgradePortalLoginPage" time="0.903"/>
  <testcase classname="com.upgradeinc.ui.CredifyAccountCreationTest" name="offersPageValidation" time="5.604"/>
  <testcase classname="com.upgradeinc.ui.CredifyAccountCreationTest" name="closeBrowser" time="0.481"/>
  <testcase classname="com.upgradeinc.restapi.CredApiTest" name="apiCallWithInvalidCred_returnsStatus401" time="1.246"/>
  <testcase classname="com.upgradeinc.restapi.CredApiTest" name="apiCallWithValidCred_returnsStatus200" time="1"/>
  <testcase classname="com.upgradeinc.restapi.CredApiTest" name="apiCallWithValidCreds_checkProductType" time="0.984"/>
</testsuite>